0 info it worked if it ends with ok
1 verbose cli [ '/usr/bin/node', '/usr/bin/npm', 'install' ]
2 info using npm@1.4.28
3 info using node@v0.10.37
4 verbose node symlink /usr/bin/node
5 warn package.json acsite@0.1.0 No description
6 warn package.json acsite@0.1.0 No repository field.
7 warn package.json acsite@0.1.0 No README data
8 verbose readDependencies using package.json deps
9 verbose install where, deps [ '/var/www/html/acnew/wp-content/themes/acsite',
9 verbose install   [ 'grunt',
9 verbose install     'grunt-contrib-concat',
9 verbose install     'grunt-contrib-cssmin',
9 verbose install     'grunt-contrib-jshint',
9 verbose install     'grunt-contrib-sass',
9 verbose install     'grunt-contrib-uglify',
9 verbose install     'grunt-contrib-watch',
9 verbose install     'grunt-google-cdn',
9 verbose install     'grunt-notify',
9 verbose install     'jshint-stylish',
9 verbose install     'load-grunt-tasks',
9 verbose install     'time-grunt',
9 verbose install     'bower',
9 verbose install     'grunt-concat-css' ] ]
10 info preinstall acsite@0.1.0
11 verbose readDependencies using package.json deps
12 verbose cache add [ 'grunt@~0.4.5', null ]
13 verbose cache add name=undefined spec="grunt@~0.4.5" args=["grunt@~0.4.5",null]
14 verbose parsed url { protocol: null,
14 verbose parsed url   slashes: null,
14 verbose parsed url   auth: null,
14 verbose parsed url   host: null,
14 verbose parsed url   port: null,
14 verbose parsed url   hostname: null,
14 verbose parsed url   hash: null,
14 verbose parsed url   search: null,
14 verbose parsed url   query: null,
14 verbose parsed url   pathname: 'grunt@~0.4.5',
14 verbose parsed url   path: 'grunt@~0.4.5',
14 verbose parsed url   href: 'grunt@~0.4.5' }
15 verbose cache add [ 'grunt-contrib-concat@^0.5.0', null ]
16 verbose cache add name=undefined spec="grunt-contrib-concat@^0.5.0" args=["grunt-contrib-concat@^0.5.0",null]
17 verbose parsed url { protocol: null,
17 verbose parsed url   slashes: null,
17 verbose parsed url   auth: null,
17 verbose parsed url   host: null,
17 verbose parsed url   port: null,
17 verbose parsed url   hostname: null,
17 verbose parsed url   hash: null,
17 verbose parsed url   search: null,
17 verbose parsed url   query: null,
17 verbose parsed url   pathname: 'grunt-contrib-concat@^0.5.0',
17 verbose parsed url   path: 'grunt-contrib-concat@^0.5.0',
17 verbose parsed url   href: 'grunt-contrib-concat@^0.5.0' }
18 verbose cache add [ 'grunt-contrib-cssmin@^0.12.0', null ]
19 verbose cache add name=undefined spec="grunt-contrib-cssmin@^0.12.0" args=["grunt-contrib-cssmin@^0.12.0",null]
20 verbose parsed url { protocol: null,
20 verbose parsed url   slashes: null,
20 verbose parsed url   auth: null,
20 verbose parsed url   host: null,
20 verbose parsed url   port: null,
20 verbose parsed url   hostname: null,
20 verbose parsed url   hash: null,
20 verbose parsed url   search: null,
20 verbose parsed url   query: null,
20 verbose parsed url   pathname: 'grunt-contrib-cssmin@^0.12.0',
20 verbose parsed url   path: 'grunt-contrib-cssmin@^0.12.0',
20 verbose parsed url   href: 'grunt-contrib-cssmin@^0.12.0' }
21 verbose cache add [ 'grunt-contrib-jshint@^0.11.0', null ]
22 verbose cache add name=undefined spec="grunt-contrib-jshint@^0.11.0" args=["grunt-contrib-jshint@^0.11.0",null]
23 verbose parsed url { protocol: null,
23 verbose parsed url   slashes: null,
23 verbose parsed url   auth: null,
23 verbose parsed url   host: null,
23 verbose parsed url   port: null,
23 verbose parsed url   hostname: null,
23 verbose parsed url   hash: null,
23 verbose parsed url   search: null,
23 verbose parsed url   query: null,
23 verbose parsed url   pathname: 'grunt-contrib-jshint@^0.11.0',
23 verbose parsed url   path: 'grunt-contrib-jshint@^0.11.0',
23 verbose parsed url   href: 'grunt-contrib-jshint@^0.11.0' }
24 verbose cache add [ 'grunt-contrib-sass@^0.9.2', null ]
25 verbose cache add name=undefined spec="grunt-contrib-sass@^0.9.2" args=["grunt-contrib-sass@^0.9.2",null]
26 verbose parsed url { protocol: null,
26 verbose parsed url   slashes: null,
26 verbose parsed url   auth: null,
26 verbose parsed url   host: null,
26 verbose parsed url   port: null,
26 verbose parsed url   hostname: null,
26 verbose parsed url   hash: null,
26 verbose parsed url   search: null,
26 verbose parsed url   query: null,
26 verbose parsed url   pathname: 'grunt-contrib-sass@^0.9.2',
26 verbose parsed url   path: 'grunt-contrib-sass@^0.9.2',
26 verbose parsed url   href: 'grunt-contrib-sass@^0.9.2' }
27 verbose cache add [ 'grunt-contrib-uglify@^0.7.0', null ]
28 verbose cache add name=undefined spec="grunt-contrib-uglify@^0.7.0" args=["grunt-contrib-uglify@^0.7.0",null]
29 verbose parsed url { protocol: null,
29 verbose parsed url   slashes: null,
29 verbose parsed url   auth: null,
29 verbose parsed url   host: null,
29 verbose parsed url   port: null,
29 verbose parsed url   hostname: null,
29 verbose parsed url   hash: null,
29 verbose parsed url   search: null,
29 verbose parsed url   query: null,
29 verbose parsed url   pathname: 'grunt-contrib-uglify@^0.7.0',
29 verbose parsed url   path: 'grunt-contrib-uglify@^0.7.0',
29 verbose parsed url   href: 'grunt-contrib-uglify@^0.7.0' }
30 verbose cache add name="grunt" spec="~0.4.5" args=["grunt","~0.4.5"]
31 verbose parsed url { protocol: null,
31 verbose parsed url   slashes: null,
31 verbose parsed url   auth: null,
31 verbose parsed url   host: null,
31 verbose parsed url   port: null,
31 verbose parsed url   hostname: null,
31 verbose parsed url   hash: null,
31 verbose parsed url   search: null,
31 verbose parsed url   query: null,
31 verbose parsed url   pathname: '~0.4.5',
31 verbose parsed url   path: '~0.4.5',
31 verbose parsed url   href: '~0.4.5' }
32 verbose addNamed [ 'grunt', '~0.4.5' ]
33 verbose addNamed [ null, '>=0.4.5-0 <0.5.0-0' ]
34 verbose cache add name="grunt-contrib-concat" spec="^0.5.0" args=["grunt-contrib-concat","^0.5.0"]
35 verbose parsed url { protocol: null,
35 verbose parsed url   slashes: null,
35 verbose parsed url   auth: null,
35 verbose parsed url   host: null,
35 verbose parsed url   port: null,
35 verbose parsed url   hostname: null,
35 verbose parsed url   hash: null,
35 verbose parsed url   search: null,
35 verbose parsed url   query: null,
35 verbose parsed url   pathname: '^0.5.0',
35 verbose parsed url   path: '^0.5.0',
35 verbose parsed url   href: '^0.5.0' }
36 verbose addNamed [ 'grunt-contrib-concat', '^0.5.0' ]
37 verbose addNamed [ null, '>=0.5.0-0 <0.6.0-0' ]
38 verbose cache add name="grunt-contrib-cssmin" spec="^0.12.0" args=["grunt-contrib-cssmin","^0.12.0"]
39 verbose parsed url { protocol: null,
39 verbose parsed url   slashes: null,
39 verbose parsed url   auth: null,
39 verbose parsed url   host: null,
39 verbose parsed url   port: null,
39 verbose parsed url   hostname: null,
39 verbose parsed url   hash: null,
39 verbose parsed url   search: null,
39 verbose parsed url   query: null,
39 verbose parsed url   pathname: '^0.12.0',
39 verbose parsed url   path: '^0.12.0',
39 verbose parsed url   href: '^0.12.0' }
40 verbose addNamed [ 'grunt-contrib-cssmin', '^0.12.0' ]
41 verbose addNamed [ null, '>=0.12.0-0 <0.13.0-0' ]
42 verbose cache add name="grunt-contrib-jshint" spec="^0.11.0" args=["grunt-contrib-jshint","^0.11.0"]
43 verbose parsed url { protocol: null,
43 verbose parsed url   slashes: null,
43 verbose parsed url   auth: null,
43 verbose parsed url   host: null,
43 verbose parsed url   port: null,
43 verbose parsed url   hostname: null,
43 verbose parsed url   hash: null,
43 verbose parsed url   search: null,
43 verbose parsed url   query: null,
43 verbose parsed url   pathname: '^0.11.0',
43 verbose parsed url   path: '^0.11.0',
43 verbose parsed url   href: '^0.11.0' }
44 verbose addNamed [ 'grunt-contrib-jshint', '^0.11.0' ]
45 verbose addNamed [ null, '>=0.11.0-0 <0.12.0-0' ]
46 verbose cache add name="grunt-contrib-sass" spec="^0.9.2" args=["grunt-contrib-sass","^0.9.2"]
47 verbose parsed url { protocol: null,
47 verbose parsed url   slashes: null,
47 verbose parsed url   auth: null,
47 verbose parsed url   host: null,
47 verbose parsed url   port: null,
47 verbose parsed url   hostname: null,
47 verbose parsed url   hash: null,
47 verbose parsed url   search: null,
47 verbose parsed url   query: null,
47 verbose parsed url   pathname: '^0.9.2',
47 verbose parsed url   path: '^0.9.2',
47 verbose parsed url   href: '^0.9.2' }
48 verbose addNamed [ 'grunt-contrib-sass', '^0.9.2' ]
49 verbose addNamed [ null, '>=0.9.2-0 <0.10.0-0' ]
50 verbose cache add name="grunt-contrib-uglify" spec="^0.7.0" args=["grunt-contrib-uglify","^0.7.0"]
51 verbose parsed url { protocol: null,
51 verbose parsed url   slashes: null,
51 verbose parsed url   auth: null,
51 verbose parsed url   host: null,
51 verbose parsed url   port: null,
51 verbose parsed url   hostname: null,
51 verbose parsed url   hash: null,
51 verbose parsed url   search: null,
51 verbose parsed url   query: null,
51 verbose parsed url   pathname: '^0.7.0',
51 verbose parsed url   path: '^0.7.0',
51 verbose parsed url   href: '^0.7.0' }
52 verbose addNamed [ 'grunt-contrib-uglify', '^0.7.0' ]
53 verbose addNamed [ null, '>=0.7.0-0 <0.8.0-0' ]
54 verbose cache add [ 'grunt-contrib-watch@^0.6.1', null ]
55 verbose cache add name=undefined spec="grunt-contrib-watch@^0.6.1" args=["grunt-contrib-watch@^0.6.1",null]
56 verbose parsed url { protocol: null,
56 verbose parsed url   slashes: null,
56 verbose parsed url   auth: null,
56 verbose parsed url   host: null,
56 verbose parsed url   port: null,
56 verbose parsed url   hostname: null,
56 verbose parsed url   hash: null,
56 verbose parsed url   search: null,
56 verbose parsed url   query: null,
56 verbose parsed url   pathname: 'grunt-contrib-watch@^0.6.1',
56 verbose parsed url   path: 'grunt-contrib-watch@^0.6.1',
56 verbose parsed url   href: 'grunt-contrib-watch@^0.6.1' }
57 verbose cache add [ 'grunt-google-cdn@^0.4.3', null ]
58 verbose cache add name=undefined spec="grunt-google-cdn@^0.4.3" args=["grunt-google-cdn@^0.4.3",null]
59 verbose parsed url { protocol: null,
59 verbose parsed url   slashes: null,
59 verbose parsed url   auth: null,
59 verbose parsed url   host: null,
59 verbose parsed url   port: null,
59 verbose parsed url   hostname: null,
59 verbose parsed url   hash: null,
59 verbose parsed url   search: null,
59 verbose parsed url   query: null,
59 verbose parsed url   pathname: 'grunt-google-cdn@^0.4.3',
59 verbose parsed url   path: 'grunt-google-cdn@^0.4.3',
59 verbose parsed url   href: 'grunt-google-cdn@^0.4.3' }
60 verbose cache add [ 'grunt-notify@^0.4.1', null ]
61 verbose cache add name=undefined spec="grunt-notify@^0.4.1" args=["grunt-notify@^0.4.1",null]
62 verbose parsed url { protocol: null,
62 verbose parsed url   slashes: null,
62 verbose parsed url   auth: null,
62 verbose parsed url   host: null,
62 verbose parsed url   port: null,
62 verbose parsed url   hostname: null,
62 verbose parsed url   hash: null,
62 verbose parsed url   search: null,
62 verbose parsed url   query: null,
62 verbose parsed url   pathname: 'grunt-notify@^0.4.1',
62 verbose parsed url   path: 'grunt-notify@^0.4.1',
62 verbose parsed url   href: 'grunt-notify@^0.4.1' }
63 verbose cache add [ 'jshint-stylish@^1.0.0', null ]
64 verbose cache add name=undefined spec="jshint-stylish@^1.0.0" args=["jshint-stylish@^1.0.0",null]
65 verbose parsed url { protocol: null,
65 verbose parsed url   slashes: null,
65 verbose parsed url   auth: null,
65 verbose parsed url   host: null,
65 verbose parsed url   port: null,
65 verbose parsed url   hostname: null,
65 verbose parsed url   hash: null,
65 verbose parsed url   search: null,
65 verbose parsed url   query: null,
65 verbose parsed url   pathname: 'jshint-stylish@^1.0.0',
65 verbose parsed url   path: 'jshint-stylish@^1.0.0',
65 verbose parsed url   href: 'jshint-stylish@^1.0.0' }
66 verbose cache add [ 'load-grunt-tasks@^3.1.0', null ]
67 verbose cache add name=undefined spec="load-grunt-tasks@^3.1.0" args=["load-grunt-tasks@^3.1.0",null]
68 verbose parsed url { protocol: null,
68 verbose parsed url   slashes: null,
68 verbose parsed url   auth: null,
68 verbose parsed url   host: null,
68 verbose parsed url   port: null,
68 verbose parsed url   hostname: null,
68 verbose parsed url   hash: null,
68 verbose parsed url   search: null,
68 verbose parsed url   query: null,
68 verbose parsed url   pathname: 'load-grunt-tasks@^3.1.0',
68 verbose parsed url   path: 'load-grunt-tasks@^3.1.0',
68 verbose parsed url   href: 'load-grunt-tasks@^3.1.0' }
69 verbose cache add [ 'time-grunt@^1.0.0', null ]
70 verbose cache add name=undefined spec="time-grunt@^1.0.0" args=["time-grunt@^1.0.0",null]
71 verbose parsed url { protocol: null,
71 verbose parsed url   slashes: null,
71 verbose parsed url   auth: null,
71 verbose parsed url   host: null,
71 verbose parsed url   port: null,
71 verbose parsed url   hostname: null,
71 verbose parsed url   hash: null,
71 verbose parsed url   search: null,
71 verbose parsed url   query: null,
71 verbose parsed url   pathname: 'time-grunt@^1.0.0',
71 verbose parsed url   path: 'time-grunt@^1.0.0',
71 verbose parsed url   href: 'time-grunt@^1.0.0' }
72 verbose cache add [ 'bower@~1.3.12', null ]
73 verbose cache add name=undefined spec="bower@~1.3.12" args=["bower@~1.3.12",null]
74 verbose parsed url { protocol: null,
74 verbose parsed url   slashes: null,
74 verbose parsed url   auth: null,
74 verbose parsed url   host: null,
74 verbose parsed url   port: null,
74 verbose parsed url   hostname: null,
74 verbose parsed url   hash: null,
74 verbose parsed url   search: null,
74 verbose parsed url   query: null,
74 verbose parsed url   pathname: 'bower@~1.3.12',
74 verbose parsed url   path: 'bower@~1.3.12',
74 verbose parsed url   href: 'bower@~1.3.12' }
75 verbose cache add [ 'grunt-concat-css@~0.3.1', null ]
76 verbose cache add name=undefined spec="grunt-concat-css@~0.3.1" args=["grunt-concat-css@~0.3.1",null]
77 verbose parsed url { protocol: null,
77 verbose parsed url   slashes: null,
77 verbose parsed url   auth: null,
77 verbose parsed url   host: null,
77 verbose parsed url   port: null,
77 verbose parsed url   hostname: null,
77 verbose parsed url   hash: null,
77 verbose parsed url   search: null,
77 verbose parsed url   query: null,
77 verbose parsed url   pathname: 'grunt-concat-css@~0.3.1',
77 verbose parsed url   path: 'grunt-concat-css@~0.3.1',
77 verbose parsed url   href: 'grunt-concat-css@~0.3.1' }
78 silly lockFile 240974bb-grunt-0-4-5 grunt@~0.4.5
79 verbose lock grunt@~0.4.5 /home/pcardoso/.npm/240974bb-grunt-0-4-5.lock
80 silly lockFile 47c410cb-grunt-contrib-concat-0-5-0 grunt-contrib-concat@^0.5.0
81 verbose lock grunt-contrib-concat@^0.5.0 /home/pcardoso/.npm/47c410cb-grunt-contrib-concat-0-5-0.lock
82 silly lockFile 149f993a-grunt-contrib-cssmin-0-12-0 grunt-contrib-cssmin@^0.12.0
83 verbose lock grunt-contrib-cssmin@^0.12.0 /home/pcardoso/.npm/149f993a-grunt-contrib-cssmin-0-12-0.lock
84 silly lockFile 5782cb4c-grunt-contrib-jshint-0-11-0 grunt-contrib-jshint@^0.11.0
85 verbose lock grunt-contrib-jshint@^0.11.0 /home/pcardoso/.npm/5782cb4c-grunt-contrib-jshint-0-11-0.lock
86 silly lockFile 031128be-grunt-contrib-sass-0-9-2 grunt-contrib-sass@^0.9.2
87 verbose lock grunt-contrib-sass@^0.9.2 /home/pcardoso/.npm/031128be-grunt-contrib-sass-0-9-2.lock
88 silly lockFile 305ef1bc-grunt-contrib-uglify-0-7-0 grunt-contrib-uglify@^0.7.0
89 verbose lock grunt-contrib-uglify@^0.7.0 /home/pcardoso/.npm/305ef1bc-grunt-contrib-uglify-0-7-0.lock
90 verbose cache add name="grunt-contrib-watch" spec="^0.6.1" args=["grunt-contrib-watch","^0.6.1"]
91 verbose parsed url { protocol: null,
91 verbose parsed url   slashes: null,
91 verbose parsed url   auth: null,
91 verbose parsed url   host: null,
91 verbose parsed url   port: null,
91 verbose parsed url   hostname: null,
91 verbose parsed url   hash: null,
91 verbose parsed url   search: null,
91 verbose parsed url   query: null,
91 verbose parsed url   pathname: '^0.6.1',
91 verbose parsed url   path: '^0.6.1',
91 verbose parsed url   href: '^0.6.1' }
92 verbose addNamed [ 'grunt-contrib-watch', '^0.6.1' ]
93 verbose addNamed [ null, '>=0.6.1-0 <0.7.0-0' ]
94 silly lockFile 224b1ece-grunt-contrib-watch-0-6-1 grunt-contrib-watch@^0.6.1
95 verbose lock grunt-contrib-watch@^0.6.1 /home/pcardoso/.npm/224b1ece-grunt-contrib-watch-0-6-1.lock
96 verbose cache add name="grunt-google-cdn" spec="^0.4.3" args=["grunt-google-cdn","^0.4.3"]
97 verbose parsed url { protocol: null,
97 verbose parsed url   slashes: null,
97 verbose parsed url   auth: null,
97 verbose parsed url   host: null,
97 verbose parsed url   port: null,
97 verbose parsed url   hostname: null,
97 verbose parsed url   hash: null,
97 verbose parsed url   search: null,
97 verbose parsed url   query: null,
97 verbose parsed url   pathname: '^0.4.3',
97 verbose parsed url   path: '^0.4.3',
97 verbose parsed url   href: '^0.4.3' }
98 verbose addNamed [ 'grunt-google-cdn', '^0.4.3' ]
99 verbose addNamed [ null, '>=0.4.3-0 <0.5.0-0' ]
100 silly lockFile 99bf181c-grunt-google-cdn-0-4-3 grunt-google-cdn@^0.4.3
101 verbose lock grunt-google-cdn@^0.4.3 /home/pcardoso/.npm/99bf181c-grunt-google-cdn-0-4-3.lock
102 verbose cache add name="grunt-notify" spec="^0.4.1" args=["grunt-notify","^0.4.1"]
103 verbose parsed url { protocol: null,
103 verbose parsed url   slashes: null,
103 verbose parsed url   auth: null,
103 verbose parsed url   host: null,
103 verbose parsed url   port: null,
103 verbose parsed url   hostname: null,
103 verbose parsed url   hash: null,
103 verbose parsed url   search: null,
103 verbose parsed url   query: null,
103 verbose parsed url   pathname: '^0.4.1',
103 verbose parsed url   path: '^0.4.1',
103 verbose parsed url   href: '^0.4.1' }
104 verbose addNamed [ 'grunt-notify', '^0.4.1' ]
105 verbose addNamed [ null, '>=0.4.1-0 <0.5.0-0' ]
106 silly lockFile 4c905b0b-grunt-notify-0-4-1 grunt-notify@^0.4.1
107 verbose lock grunt-notify@^0.4.1 /home/pcardoso/.npm/4c905b0b-grunt-notify-0-4-1.lock
108 verbose cache add name="jshint-stylish" spec="^1.0.0" args=["jshint-stylish","^1.0.0"]
109 verbose parsed url { protocol: null,
109 verbose parsed url   slashes: null,
109 verbose parsed url   auth: null,
109 verbose parsed url   host: null,
109 verbose parsed url   port: null,
109 verbose parsed url   hostname: null,
109 verbose parsed url   hash: null,
109 verbose parsed url   search: null,
109 verbose parsed url   query: null,
109 verbose parsed url   pathname: '^1.0.0',
109 verbose parsed url   path: '^1.0.0',
109 verbose parsed url   href: '^1.0.0' }
110 verbose addNamed [ 'jshint-stylish', '^1.0.0' ]
111 verbose addNamed [ null, '>=1.0.0-0 <2.0.0-0' ]
112 silly lockFile 522e2e8d-jshint-stylish-1-0-0 jshint-stylish@^1.0.0
113 verbose lock jshint-stylish@^1.0.0 /home/pcardoso/.npm/522e2e8d-jshint-stylish-1-0-0.lock
114 verbose cache add name="load-grunt-tasks" spec="^3.1.0" args=["load-grunt-tasks","^3.1.0"]
115 verbose parsed url { protocol: null,
115 verbose parsed url   slashes: null,
115 verbose parsed url   auth: null,
115 verbose parsed url   host: null,
115 verbose parsed url   port: null,
115 verbose parsed url   hostname: null,
115 verbose parsed url   hash: null,
115 verbose parsed url   search: null,
115 verbose parsed url   query: null,
115 verbose parsed url   pathname: '^3.1.0',
115 verbose parsed url   path: '^3.1.0',
115 verbose parsed url   href: '^3.1.0' }
116 verbose addNamed [ 'load-grunt-tasks', '^3.1.0' ]
117 verbose addNamed [ null, '>=3.1.0-0 <4.0.0-0' ]
118 silly lockFile 244ddd56-load-grunt-tasks-3-1-0 load-grunt-tasks@^3.1.0
119 verbose lock load-grunt-tasks@^3.1.0 /home/pcardoso/.npm/244ddd56-load-grunt-tasks-3-1-0.lock
120 verbose cache add name="time-grunt" spec="^1.0.0" args=["time-grunt","^1.0.0"]
121 verbose parsed url { protocol: null,
121 verbose parsed url   slashes: null,
121 verbose parsed url   auth: null,
121 verbose parsed url   host: null,
121 verbose parsed url   port: null,
121 verbose parsed url   hostname: null,
121 verbose parsed url   hash: null,
121 verbose parsed url   search: null,
121 verbose parsed url   query: null,
121 verbose parsed url   pathname: '^1.0.0',
121 verbose parsed url   path: '^1.0.0',
121 verbose parsed url   href: '^1.0.0' }
122 verbose addNamed [ 'time-grunt', '^1.0.0' ]
123 verbose addNamed [ null, '>=1.0.0-0 <2.0.0-0' ]
124 silly lockFile 5ddae01b-time-grunt-1-0-0 time-grunt@^1.0.0
125 verbose lock time-grunt@^1.0.0 /home/pcardoso/.npm/5ddae01b-time-grunt-1-0-0.lock
126 verbose cache add name="bower" spec="~1.3.12" args=["bower","~1.3.12"]
127 verbose parsed url { protocol: null,
127 verbose parsed url   slashes: null,
127 verbose parsed url   auth: null,
127 verbose parsed url   host: null,
127 verbose parsed url   port: null,
127 verbose parsed url   hostname: null,
127 verbose parsed url   hash: null,
127 verbose parsed url   search: null,
127 verbose parsed url   query: null,
127 verbose parsed url   pathname: '~1.3.12',
127 verbose parsed url   path: '~1.3.12',
127 verbose parsed url   href: '~1.3.12' }
128 verbose addNamed [ 'bower', '~1.3.12' ]
129 verbose addNamed [ null, '>=1.3.12-0 <1.4.0-0' ]
130 silly lockFile b4be5702-bower-1-3-12 bower@~1.3.12
131 verbose lock bower@~1.3.12 /home/pcardoso/.npm/b4be5702-bower-1-3-12.lock
132 verbose cache add name="grunt-concat-css" spec="~0.3.1" args=["grunt-concat-css","~0.3.1"]
133 verbose parsed url { protocol: null,
133 verbose parsed url   slashes: null,
133 verbose parsed url   auth: null,
133 verbose parsed url   host: null,
133 verbose parsed url   port: null,
133 verbose parsed url   hostname: null,
133 verbose parsed url   hash: null,
133 verbose parsed url   search: null,
133 verbose parsed url   query: null,
133 verbose parsed url   pathname: '~0.3.1',
133 verbose parsed url   path: '~0.3.1',
133 verbose parsed url   href: '~0.3.1' }
134 verbose addNamed [ 'grunt-concat-css', '~0.3.1' ]
135 verbose addNamed [ null, '>=0.3.1-0 <0.4.0-0' ]
136 silly lockFile 9b5df2a4-grunt-concat-css-0-3-1 grunt-concat-css@~0.3.1
137 verbose lock grunt-concat-css@~0.3.1 /home/pcardoso/.npm/9b5df2a4-grunt-concat-css-0-3-1.lock
138 silly addNameRange { name: 'grunt', range: '>=0.4.5-0 <0.5.0-0', hasData: false }
139 silly addNameRange { name: 'grunt-contrib-concat',
139 silly addNameRange   range: '>=0.5.0-0 <0.6.0-0',
139 silly addNameRange   hasData: false }
140 silly addNameRange { name: 'grunt-contrib-jshint',
140 silly addNameRange   range: '>=0.11.0-0 <0.12.0-0',
140 silly addNameRange   hasData: false }
141 silly addNameRange { name: 'grunt-contrib-cssmin',
141 silly addNameRange   range: '>=0.12.0-0 <0.13.0-0',
141 silly addNameRange   hasData: false }
142 silly addNameRange { name: 'grunt-contrib-sass',
142 silly addNameRange   range: '>=0.9.2-0 <0.10.0-0',
142 silly addNameRange   hasData: false }
143 silly addNameRange { name: 'grunt-contrib-uglify',
143 silly addNameRange   range: '>=0.7.0-0 <0.8.0-0',
143 silly addNameRange   hasData: false }
144 silly addNameRange { name: 'grunt-contrib-watch',
144 silly addNameRange   range: '>=0.6.1-0 <0.7.0-0',
144 silly addNameRange   hasData: false }
145 silly addNameRange { name: 'grunt-google-cdn',
145 silly addNameRange   range: '>=0.4.3-0 <0.5.0-0',
145 silly addNameRange   hasData: false }
146 silly addNameRange { name: 'grunt-notify',
146 silly addNameRange   range: '>=0.4.1-0 <0.5.0-0',
146 silly addNameRange   hasData: false }
147 silly addNameRange { name: 'jshint-stylish',
147 silly addNameRange   range: '>=1.0.0-0 <2.0.0-0',
147 silly addNameRange   hasData: false }
148 silly addNameRange { name: 'load-grunt-tasks',
148 silly addNameRange   range: '>=3.1.0-0 <4.0.0-0',
148 silly addNameRange   hasData: false }
149 silly addNameRange { name: 'time-grunt',
149 silly addNameRange   range: '>=1.0.0-0 <2.0.0-0',
149 silly addNameRange   hasData: false }
150 silly addNameRange { name: 'bower', range: '>=1.3.12-0 <1.4.0-0', hasData: false }
151 silly addNameRange { name: 'grunt-concat-css',
151 silly addNameRange   range: '>=0.3.1-0 <0.4.0-0',
151 silly addNameRange   hasData: false }
152 verbose request where is /grunt-contrib-concat
153 verbose request registry https://registry.npmjs.org/
154 verbose request id 99631de4c360fb20
155 verbose url raw /grunt-contrib-concat
156 verbose url resolving [ 'https://registry.npmjs.org/', './grunt-contrib-concat' ]
157 verbose url resolved https://registry.npmjs.org/grunt-contrib-concat
158 verbose request where is https://registry.npmjs.org/grunt-contrib-concat
159 info trying registry request attempt 1 at 16:56:38
160 http GET https://registry.npmjs.org/grunt-contrib-concat
161 verbose request where is /grunt-contrib-jshint
162 verbose request registry https://registry.npmjs.org/
163 verbose url raw /grunt-contrib-jshint
164 verbose url resolving [ 'https://registry.npmjs.org/', './grunt-contrib-jshint' ]
165 verbose url resolved https://registry.npmjs.org/grunt-contrib-jshint
166 verbose request where is https://registry.npmjs.org/grunt-contrib-jshint
167 info trying registry request attempt 1 at 16:56:38
168 http GET https://registry.npmjs.org/grunt-contrib-jshint
169 verbose request where is /grunt-contrib-cssmin
170 verbose request registry https://registry.npmjs.org/
171 verbose url raw /grunt-contrib-cssmin
172 verbose url resolving [ 'https://registry.npmjs.org/', './grunt-contrib-cssmin' ]
173 verbose url resolved https://registry.npmjs.org/grunt-contrib-cssmin
174 verbose request where is https://registry.npmjs.org/grunt-contrib-cssmin
175 info trying registry request attempt 1 at 16:56:38
176 http GET https://registry.npmjs.org/grunt-contrib-cssmin
177 verbose request where is /grunt-contrib-sass
178 verbose request registry https://registry.npmjs.org/
179 verbose url raw /grunt-contrib-sass
180 verbose url resolving [ 'https://registry.npmjs.org/', './grunt-contrib-sass' ]
181 verbose url resolved https://registry.npmjs.org/grunt-contrib-sass
182 verbose request where is https://registry.npmjs.org/grunt-contrib-sass
183 info trying registry request attempt 1 at 16:56:38
184 http GET https://registry.npmjs.org/grunt-contrib-sass
185 verbose request where is /grunt-contrib-uglify
186 verbose request registry https://registry.npmjs.org/
187 verbose url raw /grunt-contrib-uglify
188 verbose url resolving [ 'https://registry.npmjs.org/', './grunt-contrib-uglify' ]
189 verbose url resolved https://registry.npmjs.org/grunt-contrib-uglify
190 verbose request where is https://registry.npmjs.org/grunt-contrib-uglify
191 info trying registry request attempt 1 at 16:56:38
192 http GET https://registry.npmjs.org/grunt-contrib-uglify
193 verbose request where is /grunt-contrib-watch
194 verbose request registry https://registry.npmjs.org/
195 verbose url raw /grunt-contrib-watch
196 verbose url resolving [ 'https://registry.npmjs.org/', './grunt-contrib-watch' ]
197 verbose url resolved https://registry.npmjs.org/grunt-contrib-watch
198 verbose request where is https://registry.npmjs.org/grunt-contrib-watch
199 info trying registry request attempt 1 at 16:56:38
200 http GET https://registry.npmjs.org/grunt-contrib-watch
201 verbose request where is /grunt-google-cdn
202 verbose request registry https://registry.npmjs.org/
203 verbose url raw /grunt-google-cdn
204 verbose url resolving [ 'https://registry.npmjs.org/', './grunt-google-cdn' ]
205 verbose url resolved https://registry.npmjs.org/grunt-google-cdn
206 verbose request where is https://registry.npmjs.org/grunt-google-cdn
207 info trying registry request attempt 1 at 16:56:38
208 http GET https://registry.npmjs.org/grunt-google-cdn
209 verbose request where is /grunt-notify
210 verbose request registry https://registry.npmjs.org/
211 verbose url raw /grunt-notify
212 verbose url resolving [ 'https://registry.npmjs.org/', './grunt-notify' ]
213 verbose url resolved https://registry.npmjs.org/grunt-notify
214 verbose request where is https://registry.npmjs.org/grunt-notify
215 info trying registry request attempt 1 at 16:56:38
216 http GET https://registry.npmjs.org/grunt-notify
217 verbose request where is /jshint-stylish
218 verbose request registry https://registry.npmjs.org/
219 verbose url raw /jshint-stylish
220 verbose url resolving [ 'https://registry.npmjs.org/', './jshint-stylish' ]
221 verbose url resolved https://registry.npmjs.org/jshint-stylish
222 verbose request where is https://registry.npmjs.org/jshint-stylish
223 info trying registry request attempt 1 at 16:56:38
224 http GET https://registry.npmjs.org/jshint-stylish
225 verbose request where is /load-grunt-tasks
226 verbose request registry https://registry.npmjs.org/
227 verbose url raw /load-grunt-tasks
228 verbose url resolving [ 'https://registry.npmjs.org/', './load-grunt-tasks' ]
229 verbose url resolved https://registry.npmjs.org/load-grunt-tasks
230 verbose request where is https://registry.npmjs.org/load-grunt-tasks
231 info trying registry request attempt 1 at 16:56:38
232 http GET https://registry.npmjs.org/load-grunt-tasks
233 verbose request where is /time-grunt
234 verbose request registry https://registry.npmjs.org/
235 verbose url raw /time-grunt
236 verbose url resolving [ 'https://registry.npmjs.org/', './time-grunt' ]
237 verbose url resolved https://registry.npmjs.org/time-grunt
238 verbose request where is https://registry.npmjs.org/time-grunt
239 info trying registry request attempt 1 at 16:56:38
240 http GET https://registry.npmjs.org/time-grunt
241 verbose request where is /grunt-concat-css
242 verbose request registry https://registry.npmjs.org/
243 verbose url raw /grunt-concat-css
244 verbose url resolving [ 'https://registry.npmjs.org/', './grunt-concat-css' ]
245 verbose url resolved https://registry.npmjs.org/grunt-concat-css
246 verbose request where is https://registry.npmjs.org/grunt-concat-css
247 info trying registry request attempt 1 at 16:56:38
248 http GET https://registry.npmjs.org/grunt-concat-css
249 verbose request where is /grunt
250 verbose request registry https://registry.npmjs.org/
251 verbose url raw /grunt
252 verbose url resolving [ 'https://registry.npmjs.org/', './grunt' ]
253 verbose url resolved https://registry.npmjs.org/grunt
254 verbose request where is https://registry.npmjs.org/grunt
255 info trying registry request attempt 1 at 16:56:38
256 verbose etag "9RP0MWX2KFZZUV80Q2GW24B4U"
257 http GET https://registry.npmjs.org/grunt
258 verbose request where is /bower
259 verbose request registry https://registry.npmjs.org/
260 verbose url raw /bower
261 verbose url resolving [ 'https://registry.npmjs.org/', './bower' ]
262 verbose url resolved https://registry.npmjs.org/bower
263 verbose request where is https://registry.npmjs.org/bower
264 info trying registry request attempt 1 at 16:56:38
265 verbose etag "7R9FZWXTT6ODL83S51HDX9FJ7"
266 http GET https://registry.npmjs.org/bower
267 http 200 https://registry.npmjs.org/grunt-contrib-cssmin
268 silly registry.get cb [ 200,
268 silly registry.get   { server: 'CouchDB/1.5.0 (Erlang OTP/R16B03)',
268 silly registry.get     etag: '"10E5DAIDN90X6MVBSX0R2AE4T"',
268 silly registry.get     'content-type': 'application/json',
268 silly registry.get     'cache-control': 'max-age=60',
268 silly registry.get     'content-length': '35333',
268 silly registry.get     'accept-ranges': 'bytes',
268 silly registry.get     date: 'Thu, 21 May 2015 19:56:37 GMT',
268 silly registry.get     via: '1.1 varnish',
268 silly registry.get     age: '10',
268 silly registry.get     connection: 'keep-alive',
268 silly registry.get     'x-served-by': 'cache-atl6220-ATL',
268 silly registry.get     'x-cache': 'HIT',
268 silly registry.get     'x-cache-hits': '1',
268 silly registry.get     'x-timer': 'S1432238197.924683,VS0,VE0',
268 silly registry.get     vary: 'Accept' } ]
269 http 200 https://registry.npmjs.org/grunt-contrib-concat
270 silly registry.get cb [ 200,
270 silly registry.get   { server: 'CouchDB/1.5.0 (Erlang OTP/R16B03)',
270 silly registry.get     etag: '"5YSQRTHHXC6IDBJCIWFWIB07E"',
270 silly registry.get     'content-type': 'application/json',
270 silly registry.get     'cache-control': 'max-age=60',
270 silly registry.get     'content-length': '29876',
270 silly registry.get     'accept-ranges': 'bytes',
270 silly registry.get     date: 'Thu, 21 May 2015 19:56:37 GMT',
270 silly registry.get     via: '1.1 varnish',
270 silly registry.get     age: '2',
270 silly registry.get     connection: 'keep-alive',
270 silly registry.get     'x-served-by': 'cache-atl6231-ATL',
270 silly registry.get     'x-cache': 'HIT',
270 silly registry.get     'x-cache-hits': '1',
270 silly registry.get     'x-timer': 'S1432238197.941535,VS0,VE1',
270 silly registry.get     vary: 'Accept' } ]
271 silly addNameRange number 2 { name: 'grunt-contrib-cssmin',
271 silly addNameRange   range: '>=0.12.0-0 <0.13.0-0',
271 silly addNameRange   hasData: true }
272 silly addNameRange versions [ 'grunt-contrib-cssmin',
272 silly addNameRange   [ '0.4.0',
272 silly addNameRange     '0.4.1',
272 silly addNameRange     '0.4.2',
272 silly addNameRange     '0.5.0',
272 silly addNameRange     '0.6.0',
272 silly addNameRange     '0.6.1',
272 silly addNameRange     '0.6.2',
272 silly addNameRange     '0.7.0',
272 silly addNameRange     '0.8.0',
272 silly addNameRange     '0.9.0',
272 silly addNameRange     '0.10.0',
272 silly addNameRange     '0.11.0',
272 silly addNameRange     '0.12.0',
272 silly addNameRange     '0.12.1',
272 silly addNameRange     '0.12.2',
272 silly addNameRange     '0.12.3' ] ]
273 verbose addNamed [ 'grunt-contrib-cssmin', '0.12.3' ]
274 verbose addNamed [ '0.12.3', '0.12.3' ]
275 silly lockFile 0193e74d-grunt-contrib-cssmin-0-12-3 grunt-contrib-cssmin@0.12.3
276 verbose lock grunt-contrib-cssmin@0.12.3 /home/pcardoso/.npm/0193e74d-grunt-contrib-cssmin-0-12-3.lock
277 silly addNameRange number 2 { name: 'grunt-contrib-concat',
277 silly addNameRange   range: '>=0.5.0-0 <0.6.0-0',
277 silly addNameRange   hasData: true }
278 silly addNameRange versions [ 'grunt-contrib-concat',
278 silly addNameRange   [ '0.1.0',
278 silly addNameRange     '0.1.1',
278 silly addNameRange     '0.1.2',
278 silly addNameRange     '0.1.3',
278 silly addNameRange     '0.2.0',
278 silly addNameRange     '0.3.0',
278 silly addNameRange     '0.4.0',
278 silly addNameRange     '0.5.0',
278 silly addNameRange     '0.5.1',
278 silly addNameRange     '0.1.2-rc5',
278 silly addNameRange     '0.1.2-rc6' ] ]
279 verbose addNamed [ 'grunt-contrib-concat', '0.5.1' ]
280 verbose addNamed [ '0.5.1', '0.5.1' ]
281 silly lockFile 63a362d5-grunt-contrib-concat-0-5-1 grunt-contrib-concat@0.5.1
282 verbose lock grunt-contrib-concat@0.5.1 /home/pcardoso/.npm/63a362d5-grunt-contrib-concat-0-5-1.lock
283 silly lockFile e825b648--grunt-contrib-cssmin-0-12-3-tgz https://registry.npmjs.org/grunt-contrib-cssmin/-/grunt-contrib-cssmin-0.12.3.tgz
284 verbose lock https://registry.npmjs.org/grunt-contrib-cssmin/-/grunt-contrib-cssmin-0.12.3.tgz /home/pcardoso/.npm/e825b648--grunt-contrib-cssmin-0-12-3-tgz.lock
285 silly lockFile f6eb0009-t-grunt-contrib-concat-0-5-1-tgz https://registry.npmjs.org/grunt-contrib-concat/-/grunt-contrib-concat-0.5.1.tgz
286 verbose lock https://registry.npmjs.org/grunt-contrib-concat/-/grunt-contrib-concat-0.5.1.tgz /home/pcardoso/.npm/f6eb0009-t-grunt-contrib-concat-0-5-1-tgz.lock
287 verbose addRemoteTarball [ 'https://registry.npmjs.org/grunt-contrib-cssmin/-/grunt-contrib-cssmin-0.12.3.tgz',
287 verbose addRemoteTarball   '4157596096fb7656fc464b4cc7b0746de1f39014' ]
288 verbose addRemoteTarball [ 'https://registry.npmjs.org/grunt-contrib-concat/-/grunt-contrib-concat-0.5.1.tgz',
288 verbose addRemoteTarball   '953c6efdfdfd2c107ab9c85077f2d4b24d31cd49' ]
289 info retry fetch attempt 1 at 16:56:39
290 verbose fetch to= /tmp/npm-11052-xsWZDu76/registry.npmjs.org/grunt-contrib-concat/-/grunt-contrib-concat-0.5.1.tgz
291 info retry fetch attempt 1 at 16:56:39
292 verbose fetch to= /tmp/npm-11052-xsWZDu76/registry.npmjs.org/grunt-contrib-cssmin/-/grunt-contrib-cssmin-0.12.3.tgz
293 http GET https://registry.npmjs.org/grunt-contrib-concat/-/grunt-contrib-concat-0.5.1.tgz
294 http GET https://registry.npmjs.org/grunt-contrib-cssmin/-/grunt-contrib-cssmin-0.12.3.tgz
295 http 200 https://registry.npmjs.org/grunt-contrib-sass
296 silly registry.get cb [ 200,
296 silly registry.get   { server: 'CouchDB/1.5.0 (Erlang OTP/R16B03)',
296 silly registry.get     etag: '"6H4TK52P9OIZ7OHB4BZNA18BM"',
296 silly registry.get     'content-type': 'application/json',
296 silly registry.get     'cache-control': 'max-age=60',
296 silly registry.get     'content-length': '45655',
296 silly registry.get     'accept-ranges': 'bytes',
296 silly registry.get     date: 'Thu, 21 May 2015 19:56:37 GMT',
296 silly registry.get     via: '1.1 varnish',
296 silly registry.get     age: '10',
296 silly registry.get     connection: 'keep-alive',
296 silly registry.get     'x-served-by': 'cache-atl6232-ATL',
296 silly registry.get     'x-cache': 'HIT',
296 silly registry.get     'x-cache-hits': '14',
296 silly registry.get     'x-timer': 'S1432238197.908626,VS0,VE0',
296 silly registry.get     vary: 'Accept' } ]
297 silly addNameRange number 2 { name: 'grunt-contrib-sass',
297 silly addNameRange   range: '>=0.9.2-0 <0.10.0-0',
297 silly addNameRange   hasData: true }
298 silly addNameRange versions [ 'grunt-contrib-sass',
298 silly addNameRange   [ '0.1.0',
298 silly addNameRange     '0.1.1',
298 silly addNameRange     '0.1.2',
298 silly addNameRange     '0.1.3',
298 silly addNameRange     '0.2.0',
298 silly addNameRange     '0.2.1',
298 silly addNameRange     '0.2.2',
298 silly addNameRange     '0.3.0',
298 silly addNameRange     '0.4.0',
298 silly addNameRange     '0.4.1',
298 silly addNameRange     '0.5.0',
298 silly addNameRange     '0.5.1',
298 silly addNameRange     '0.6.0',
298 silly addNameRange     '0.2.2-rc7',
298 silly addNameRange     '0.7.0',
298 silly addNameRange     '0.7.1',
298 silly addNameRange     '0.7.2',
298 silly addNameRange     '0.7.3',
298 silly addNameRange     '0.7.4',
298 silly addNameRange     '0.8.0',
298 silly addNameRange     '0.8.1',
298 silly addNameRange     '0.9.0',
298 silly addNameRange     '0.9.1',
298 silly addNameRange     '0.9.2' ] ]
299 verbose addNamed [ 'grunt-contrib-sass', '0.9.2' ]
300 verbose addNamed [ '0.9.2', '0.9.2' ]
301 silly lockFile caee62b2-grunt-contrib-sass-0-9-2 grunt-contrib-sass@0.9.2
302 verbose lock grunt-contrib-sass@0.9.2 /home/pcardoso/.npm/caee62b2-grunt-contrib-sass-0-9-2.lock
303 silly lockFile 103217e2-ass-grunt-contrib-sass-0-9-2-tgz https://registry.npmjs.org/grunt-contrib-sass/-/grunt-contrib-sass-0.9.2.tgz
304 verbose lock https://registry.npmjs.org/grunt-contrib-sass/-/grunt-contrib-sass-0.9.2.tgz /home/pcardoso/.npm/103217e2-ass-grunt-contrib-sass-0-9-2-tgz.lock
305 verbose addRemoteTarball [ 'https://registry.npmjs.org/grunt-contrib-sass/-/grunt-contrib-sass-0.9.2.tgz',
305 verbose addRemoteTarball   '749f0e78284e91452c5a57fe044dde34489513c6' ]
306 info retry fetch attempt 1 at 16:56:39
307 verbose fetch to= /tmp/npm-11052-xsWZDu76/registry.npmjs.org/grunt-contrib-sass/-/grunt-contrib-sass-0.9.2.tgz
308 http GET https://registry.npmjs.org/grunt-contrib-sass/-/grunt-contrib-sass-0.9.2.tgz
309 http 200 https://registry.npmjs.org/grunt-contrib-jshint
310 silly registry.get cb [ 200,
310 silly registry.get   { server: 'CouchDB/1.5.0 (Erlang OTP/R16B03)',
310 silly registry.get     etag: '"6W17FNYDH7I4C9450PG4OOQCB"',
310 silly registry.get     'content-type': 'application/json',
310 silly registry.get     'cache-control': 'max-age=60',
310 silly registry.get     'content-length': '59076',
310 silly registry.get     'accept-ranges': 'bytes',
310 silly registry.get     date: 'Thu, 21 May 2015 19:56:37 GMT',
310 silly registry.get     via: '1.1 varnish',
310 silly registry.get     age: '2',
310 silly registry.get     connection: 'keep-alive',
310 silly registry.get     'x-served-by': 'cache-atl6221-ATL',
310 silly registry.get     'x-cache': 'HIT',
310 silly registry.get     'x-cache-hits': '1',
310 silly registry.get     'x-timer': 'S1432238197.954144,VS0,VE1',
310 silly registry.get     vary: 'Accept' } ]
311 silly addNameRange number 2 { name: 'grunt-contrib-jshint',
311 silly addNameRange   range: '>=0.11.0-0 <0.12.0-0',
311 silly addNameRange   hasData: true }
312 silly addNameRange versions [ 'grunt-contrib-jshint',
312 silly addNameRange   [ '0.1.0',
312 silly addNameRange     '0.1.1',
312 silly addNameRange     '0.2.0',
312 silly addNameRange     '0.3.0',
312 silly addNameRange     '0.4.0',
312 silly addNameRange     '0.4.1',
312 silly addNameRange     '0.4.2',
312 silly addNameRange     '0.4.3',
312 silly addNameRange     '0.5.0',
312 silly addNameRange     '0.5.1',
312 silly addNameRange     '0.5.2',
312 silly addNameRange     '0.5.3',
312 silly addNameRange     '0.5.4',
312 silly addNameRange     '0.6.0',
312 silly addNameRange     '0.6.1',
312 silly addNameRange     '0.6.2',
312 silly addNameRange     '0.6.3',
312 silly addNameRange     '0.6.4',
312 silly addNameRange     '0.6.5',
312 silly addNameRange     '0.7.0',
312 silly addNameRange     '0.7.1',
312 silly addNameRange     '0.7.2',
312 silly addNameRange     '0.8.0',
312 silly addNameRange     '0.9.0',
312 silly addNameRange     '0.9.1',
312 silly addNameRange     '0.9.2',
312 silly addNameRange     '0.10.0',
312 silly addNameRange     '0.11.0',
312 silly addNameRange     '0.11.1',
312 silly addNameRange     '0.11.2',
312 silly addNameRange     '0.1.1-rc5',
312 silly addNameRange     '0.1.1-rc6' ] ]
313 verbose addNamed [ 'grunt-contrib-jshint', '0.11.2' ]
314 verbose addNamed [ '0.11.2', '0.11.2' ]
315 silly lockFile 53316110-grunt-contrib-jshint-0-11-2 grunt-contrib-jshint@0.11.2
316 verbose lock grunt-contrib-jshint@0.11.2 /home/pcardoso/.npm/53316110-grunt-contrib-jshint-0-11-2.lock
317 silly lockFile 04ba944b--grunt-contrib-jshint-0-11-2-tgz https://registry.npmjs.org/grunt-contrib-jshint/-/grunt-contrib-jshint-0.11.2.tgz
318 verbose lock https://registry.npmjs.org/grunt-contrib-jshint/-/grunt-contrib-jshint-0.11.2.tgz /home/pcardoso/.npm/04ba944b--grunt-contrib-jshint-0-11-2-tgz.lock
319 verbose addRemoteTarball [ 'https://registry.npmjs.org/grunt-contrib-jshint/-/grunt-contrib-jshint-0.11.2.tgz',
319 verbose addRemoteTarball   'a7e000427bb007848c1099264860c0485b4741d3' ]
320 info retry fetch attempt 1 at 16:56:39
321 verbose fetch to= /tmp/npm-11052-xsWZDu76/registry.npmjs.org/grunt-contrib-jshint/-/grunt-contrib-jshint-0.11.2.tgz
322 http GET https://registry.npmjs.org/grunt-contrib-jshint/-/grunt-contrib-jshint-0.11.2.tgz
323 http 200 https://registry.npmjs.org/grunt-google-cdn
324 silly registry.get cb [ 200,
324 silly registry.get   { server: 'CouchDB/1.5.0 (Erlang OTP/R16B03)',
324 silly registry.get     etag: '"98AMV143LFZ81CXMJP6SGCNQT"',
324 silly registry.get     'content-type': 'application/json',
324 silly registry.get     'cache-control': 'max-age=60',
324 silly registry.get     'content-length': '17973',
324 silly registry.get     'accept-ranges': 'bytes',
324 silly registry.get     date: 'Thu, 21 May 2015 19:56:38 GMT',
324 silly registry.get     via: '1.1 varnish',
324 silly registry.get     age: '0',
324 silly registry.get     connection: 'keep-alive',
324 silly registry.get     'x-served-by': 'cache-atl6231-ATL',
324 silly registry.get     'x-cache': 'HIT',
324 silly registry.get     'x-cache-hits': '1',
324 silly registry.get     'x-timer': 'S1432238198.254712,VS0,VE76',
324 silly registry.get     vary: 'Accept' } ]
325 silly addNameRange number 2 { name: 'grunt-google-cdn',
325 silly addNameRange   range: '>=0.4.3-0 <0.5.0-0',
325 silly addNameRange   hasData: true }
326 silly addNameRange versions [ 'grunt-google-cdn',
326 silly addNameRange   [ '0.0.1',
326 silly addNameRange     '0.1.0',
326 silly addNameRange     '0.1.1',
326 silly addNameRange     '0.1.2',
326 silly addNameRange     '0.1.3',
326 silly addNameRange     '0.1.4',
326 silly addNameRange     '0.2.0',
326 silly addNameRange     '0.2.1',
326 silly addNameRange     '0.2.2',
326 silly addNameRange     '0.3.0',
326 silly addNameRange     '0.4.0',
326 silly addNameRange     '0.4.1',
326 silly addNameRange     '0.4.2',
326 silly addNameRange     '0.4.3' ] ]
327 verbose addNamed [ 'grunt-google-cdn', '0.4.3' ]
328 verbose addNamed [ '0.4.3', '0.4.3' ]
329 silly lockFile 0a49a55a-grunt-google-cdn-0-4-3 grunt-google-cdn@0.4.3
330 verbose lock grunt-google-cdn@0.4.3 /home/pcardoso/.npm/0a49a55a-grunt-google-cdn-0-4-3.lock
331 silly lockFile 89cbee9c-e-cdn-grunt-google-cdn-0-4-3-tgz https://registry.npmjs.org/grunt-google-cdn/-/grunt-google-cdn-0.4.3.tgz
332 verbose lock https://registry.npmjs.org/grunt-google-cdn/-/grunt-google-cdn-0.4.3.tgz /home/pcardoso/.npm/89cbee9c-e-cdn-grunt-google-cdn-0-4-3-tgz.lock
333 verbose addRemoteTarball [ 'https://registry.npmjs.org/grunt-google-cdn/-/grunt-google-cdn-0.4.3.tgz',
333 verbose addRemoteTarball   '8baed98e236de57c1e34d2ef1dcdaae117c7bf18' ]
334 info retry fetch attempt 1 at 16:56:39
335 verbose fetch to= /tmp/npm-11052-xsWZDu76/registry.npmjs.org/grunt-google-cdn/-/grunt-google-cdn-0.4.3.tgz
336 http GET https://registry.npmjs.org/grunt-google-cdn/-/grunt-google-cdn-0.4.3.tgz
337 http 200 https://registry.npmjs.org/grunt-contrib-uglify
338 silly registry.get cb [ 200,
338 silly registry.get   { server: 'CouchDB/1.5.0 (Erlang OTP/R16B03)',
338 silly registry.get     etag: '"CJG62V7I3FJ24P2XCXAHP6PQO"',
338 silly registry.get     'content-type': 'application/json',
338 silly registry.get     'cache-control': 'max-age=60',
338 silly registry.get     'content-length': '65601',
338 silly registry.get     'accept-ranges': 'bytes',
338 silly registry.get     date: 'Thu, 21 May 2015 19:56:37 GMT',
338 silly registry.get     via: '1.1 varnish',
338 silly registry.get     age: '13',
338 silly registry.get     connection: 'keep-alive',
338 silly registry.get     'x-served-by': 'cache-atl6230-ATL',
338 silly registry.get     'x-cache': 'HIT',
338 silly registry.get     'x-cache-hits': '1',
338 silly registry.get     'x-timer': 'S1432238197.936262,VS0,VE2',
338 silly registry.get     vary: 'Accept' } ]
339 http 200 https://registry.npmjs.org/grunt-contrib-watch
340 silly registry.get cb [ 200,
340 silly registry.get   { server: 'CouchDB/1.5.0 (Erlang OTP/R16B03)',
340 silly registry.get     etag: '"8D5H42W1Y0YNSDVLWB9U0YW70"',
340 silly registry.get     'content-type': 'application/json',
340 silly registry.get     'cache-control': 'max-age=60',
340 silly registry.get     'content-length': '58418',
340 silly registry.get     'accept-ranges': 'bytes',
340 silly registry.get     date: 'Thu, 21 May 2015 19:56:38 GMT',
340 silly registry.get     via: '1.1 varnish',
340 silly registry.get     age: '17',
340 silly registry.get     connection: 'keep-alive',
340 silly registry.get     'x-served-by': 'cache-atl6220-ATL',
340 silly registry.get     'x-cache': 'HIT',
340 silly registry.get     'x-cache-hits': '2',
340 silly registry.get     'x-timer': 'S1432238198.224594,VS0,VE0',
340 silly registry.get     vary: 'Accept' } ]
341 silly addNameRange number 2 { name: 'grunt-contrib-uglify',
341 silly addNameRange   range: '>=0.7.0-0 <0.8.0-0',
341 silly addNameRange   hasData: true }
342 silly addNameRange versions [ 'grunt-contrib-uglify',
342 silly addNameRange   [ '0.1.0',
342 silly addNameRange     '0.1.1',
342 silly addNameRange     '0.1.2',
342 silly addNameRange     '0.2.0',
342 silly addNameRange     '0.2.1',
342 silly addNameRange     '0.2.2',
342 silly addNameRange     '0.2.3',
342 silly addNameRange     '0.2.4',
342 silly addNameRange     '0.2.5',
342 silly addNameRange     '0.2.6',
342 silly addNameRange     '0.2.7',
342 silly addNameRange     '0.3.0',
342 silly addNameRange     '0.3.1',
342 silly addNameRange     '0.1.1-rc5',
342 silly addNameRange     '0.1.1-rc6',
342 silly addNameRange     '0.3.2',
342 silly addNameRange     '0.3.3',
342 silly addNameRange     '0.4.0',
342 silly addNameRange     '0.5.0',
342 silly addNameRange     '0.4.1',
342 silly addNameRange     '0.5.1',
342 silly addNameRange     '0.6.0',
342 silly addNameRange     '0.7.0',
342 silly addNameRange     '0.8.0',
342 silly addNameRange     '0.8.1',
342 silly addNameRange     '0.9.0',
342 silly addNameRange     '0.9.1' ] ]
343 verbose addNamed [ 'grunt-contrib-uglify', '0.7.0' ]
344 verbose addNamed [ '0.7.0', '0.7.0' ]
345 silly lockFile 0707808c-grunt-contrib-uglify-0-7-0 grunt-contrib-uglify@0.7.0
346 verbose lock grunt-contrib-uglify@0.7.0 /home/pcardoso/.npm/0707808c-grunt-contrib-uglify-0-7-0.lock
347 silly addNameRange number 2 { name: 'grunt-contrib-watch',
347 silly addNameRange   range: '>=0.6.1-0 <0.7.0-0',
347 silly addNameRange   hasData: true }
348 silly addNameRange versions [ 'grunt-contrib-watch',
348 silly addNameRange   [ '0.1.0',
348 silly addNameRange     '0.1.1',
348 silly addNameRange     '0.1.2',
348 silly addNameRange     '0.1.3',
348 silly addNameRange     '0.1.4',
348 silly addNameRange     '0.2.0',
348 silly addNameRange     '0.3.0',
348 silly addNameRange     '0.3.1',
348 silly addNameRange     '0.4.0',
348 silly addNameRange     '0.4.1',
348 silly addNameRange     '0.4.2',
348 silly addNameRange     '0.4.3',
348 silly addNameRange     '0.4.4',
348 silly addNameRange     '0.5.0',
348 silly addNameRange     '0.5.1',
348 silly addNameRange     '0.5.2',
348 silly addNameRange     '0.5.3',
348 silly addNameRange     '0.6.0',
348 silly addNameRange     '0.6.1',
348 silly addNameRange     '0.2.0-a',
348 silly addNameRange     '0.2.0-rc5',
348 silly addNameRange     '0.2.0-rc7' ] ]
349 verbose addNamed [ 'grunt-contrib-watch', '0.6.1' ]
350 verbose addNamed [ '0.6.1', '0.6.1' ]
351 silly lockFile 08049756-grunt-contrib-watch-0-6-1 grunt-contrib-watch@0.6.1
352 verbose lock grunt-contrib-watch@0.6.1 /home/pcardoso/.npm/08049756-grunt-contrib-watch-0-6-1.lock
353 silly lockFile 263c708a-y-grunt-contrib-uglify-0-7-0-tgz https://registry.npmjs.org/grunt-contrib-uglify/-/grunt-contrib-uglify-0.7.0.tgz
354 verbose lock https://registry.npmjs.org/grunt-contrib-uglify/-/grunt-contrib-uglify-0.7.0.tgz /home/pcardoso/.npm/263c708a-y-grunt-contrib-uglify-0-7-0-tgz.lock
355 silly lockFile 0fc29299-ch-grunt-contrib-watch-0-6-1-tgz https://registry.npmjs.org/grunt-contrib-watch/-/grunt-contrib-watch-0.6.1.tgz
356 verbose lock https://registry.npmjs.org/grunt-contrib-watch/-/grunt-contrib-watch-0.6.1.tgz /home/pcardoso/.npm/0fc29299-ch-grunt-contrib-watch-0-6-1-tgz.lock
357 verbose addRemoteTarball [ 'https://registry.npmjs.org/grunt-contrib-uglify/-/grunt-contrib-uglify-0.7.0.tgz',
357 verbose addRemoteTarball   '79dde81a62cec6ffa35b47a32833706744f8e787' ]
358 verbose addRemoteTarball [ 'https://registry.npmjs.org/grunt-contrib-watch/-/grunt-contrib-watch-0.6.1.tgz',
358 verbose addRemoteTarball   '64fdcba25a635f5b4da1b6ce6f90da0aeb6e3f15' ]
359 info retry fetch attempt 1 at 16:56:39
360 verbose fetch to= /tmp/npm-11052-xsWZDu76/registry.npmjs.org/grunt-contrib-uglify/-/grunt-contrib-uglify-0.7.0.tgz
361 http GET https://registry.npmjs.org/grunt-contrib-uglify/-/grunt-contrib-uglify-0.7.0.tgz
362 info retry fetch attempt 1 at 16:56:39
363 verbose fetch to= /tmp/npm-11052-xsWZDu76/registry.npmjs.org/grunt-contrib-watch/-/grunt-contrib-watch-0.6.1.tgz
364 http GET https://registry.npmjs.org/grunt-contrib-watch/-/grunt-contrib-watch-0.6.1.tgz
365 http 200 https://registry.npmjs.org/load-grunt-tasks
366 silly registry.get cb [ 200,
366 silly registry.get   { server: 'CouchDB/1.5.0 (Erlang OTP/R16B03)',
366 silly registry.get     etag: '"6ABDUVUH4RHBHHEMHRIZ4GJSM"',
366 silly registry.get     'content-type': 'application/json',
366 silly registry.get     'cache-control': 'max-age=60',
366 silly registry.get     'content-length': '23039',
366 silly registry.get     'accept-ranges': 'bytes',
366 silly registry.get     date: 'Thu, 21 May 2015 19:56:38 GMT',
366 silly registry.get     via: '1.1 varnish',
366 silly registry.get     age: '13',
366 silly registry.get     connection: 'keep-alive',
366 silly registry.get     'x-served-by': 'cache-atl6231-ATL',
366 silly registry.get     'x-cache': 'HIT',
366 silly registry.get     'x-cache-hits': '1',
366 silly registry.get     'x-timer': 'S1432238198.486578,VS0,VE1',
366 silly registry.get     vary: 'Accept' } ]
367 http 200 https://registry.npmjs.org/jshint-stylish
368 silly registry.get cb [ 200,
368 silly registry.get   { server: 'CouchDB/1.5.0 (Erlang OTP/R16B03)',
368 silly registry.get     etag: '"DH1O584YFF2K2SBBKIMS07ICY"',
368 silly registry.get     'content-type': 'application/json',
368 silly registry.get     'cache-control': 'max-age=60',
368 silly registry.get     'content-length': '16122',
368 silly registry.get     'accept-ranges': 'bytes',
368 silly registry.get     date: 'Thu, 21 May 2015 19:56:38 GMT',
368 silly registry.get     via: '1.1 varnish',
368 silly registry.get     age: '0',
368 silly registry.get     connection: 'keep-alive',
368 silly registry.get     'x-served-by': 'cache-atl6221-ATL',
368 silly registry.get     'x-cache': 'HIT',
368 silly registry.get     'x-cache-hits': '1',
368 silly registry.get     'x-timer': 'S1432238198.420181,VS0,VE78',
368 silly registry.get     vary: 'Accept' } ]
369 silly addNameRange number 2 { name: 'load-grunt-tasks',
369 silly addNameRange   range: '>=3.1.0-0 <4.0.0-0',
369 silly addNameRange   hasData: true }
370 silly addNameRange versions [ 'load-grunt-tasks',
370 silly addNameRange   [ '0.1.0',
370 silly addNameRange     '0.1.1',
370 silly addNameRange     '0.1.2',
370 silly addNameRange     '0.1.3',
370 silly addNameRange     '0.2.0',
370 silly addNameRange     '0.2.1',
370 silly addNameRange     '0.3.0',
370 silly addNameRange     '0.4.0',
370 silly addNameRange     '0.5.0',
370 silly addNameRange     '0.6.0',
370 silly addNameRange     '1.0.0',
370 silly addNameRange     '2.0.0',
370 silly addNameRange     '3.0.0',
370 silly addNameRange     '3.1.0',
370 silly addNameRange     '3.2.0' ] ]
371 verbose addNamed [ 'load-grunt-tasks', '3.2.0' ]
372 verbose addNamed [ '3.2.0', '3.2.0' ]
373 silly lockFile 495e6301-load-grunt-tasks-3-2-0 load-grunt-tasks@3.2.0
374 verbose lock load-grunt-tasks@3.2.0 /home/pcardoso/.npm/495e6301-load-grunt-tasks-3-2-0.lock
375 silly lockFile 1ab96274-tasks-load-grunt-tasks-3-2-0-tgz https://registry.npmjs.org/load-grunt-tasks/-/load-grunt-tasks-3.2.0.tgz
376 verbose lock https://registry.npmjs.org/load-grunt-tasks/-/load-grunt-tasks-3.2.0.tgz /home/pcardoso/.npm/1ab96274-tasks-load-grunt-tasks-3-2-0-tgz.lock
377 silly addNameRange number 2 { name: 'jshint-stylish',
377 silly addNameRange   range: '>=1.0.0-0 <2.0.0-0',
377 silly addNameRange   hasData: true }
378 silly addNameRange versions [ 'jshint-stylish',
378 silly addNameRange   [ '0.1.0',
378 silly addNameRange     '0.1.1',
378 silly addNameRange     '0.1.2',
378 silly addNameRange     '0.1.3',
378 silly addNameRange     '0.1.4',
378 silly addNameRange     '0.1.5',
378 silly addNameRange     '0.2.0',
378 silly addNameRange     '0.3.0',
378 silly addNameRange     '0.4.0',
378 silly addNameRange     '1.0.0',
378 silly addNameRange     '1.0.1',
378 silly addNameRange     '1.0.2' ] ]
379 verbose addNamed [ 'jshint-stylish', '1.0.2' ]
380 verbose addNamed [ '1.0.2', '1.0.2' ]
381 silly lockFile 354bbbdb-jshint-stylish-1-0-2 jshint-stylish@1.0.2
382 verbose lock jshint-stylish@1.0.2 /home/pcardoso/.npm/354bbbdb-jshint-stylish-1-0-2.lock
383 verbose addRemoteTarball [ 'https://registry.npmjs.org/load-grunt-tasks/-/load-grunt-tasks-3.2.0.tgz',
383 verbose addRemoteTarball   '25fe7e414ba0645a752bb06f52491b422332036f' ]
384 silly lockFile 06cc557e-stylish-jshint-stylish-1-0-2-tgz https://registry.npmjs.org/jshint-stylish/-/jshint-stylish-1.0.2.tgz
385 verbose lock https://registry.npmjs.org/jshint-stylish/-/jshint-stylish-1.0.2.tgz /home/pcardoso/.npm/06cc557e-stylish-jshint-stylish-1-0-2-tgz.lock
386 info retry fetch attempt 1 at 16:56:39
387 verbose fetch to= /tmp/npm-11052-xsWZDu76/registry.npmjs.org/load-grunt-tasks/-/load-grunt-tasks-3.2.0.tgz
388 verbose addRemoteTarball [ 'https://registry.npmjs.org/jshint-stylish/-/jshint-stylish-1.0.2.tgz',
388 verbose addRemoteTarball   'e99f3cc340afb18e2a7702f8798d7400ca31446a' ]
389 http GET https://registry.npmjs.org/load-grunt-tasks/-/load-grunt-tasks-3.2.0.tgz
390 info retry fetch attempt 1 at 16:56:39
391 verbose fetch to= /tmp/npm-11052-xsWZDu76/registry.npmjs.org/jshint-stylish/-/jshint-stylish-1.0.2.tgz
392 http GET https://registry.npmjs.org/jshint-stylish/-/jshint-stylish-1.0.2.tgz
393 http 200 https://registry.npmjs.org/grunt-concat-css
394 silly registry.get cb [ 200,
394 silly registry.get   { server: 'CouchDB/1.5.0 (Erlang OTP/R16B03)',
394 silly registry.get     etag: '"17FFJ55SBENCV4CUGS7OMYQSB"',
394 silly registry.get     'content-type': 'application/json',
394 silly registry.get     'cache-control': 'max-age=60',
394 silly registry.get     'content-length': '9264',
394 silly registry.get     'accept-ranges': 'bytes',
394 silly registry.get     date: 'Thu, 21 May 2015 19:56:38 GMT',
394 silly registry.get     via: '1.1 varnish',
394 silly registry.get     age: '0',
394 silly registry.get     connection: 'keep-alive',
394 silly registry.get     'x-served-by': 'cache-atl6220-ATL',
394 silly registry.get     'x-cache': 'MISS',
394 silly registry.get     'x-cache-hits': '0',
394 silly registry.get     'x-timer': 'S1432238198.519624,VS0,VE76',
394 silly registry.get     vary: 'Accept' } ]
395 silly addNameRange number 2 { name: 'grunt-concat-css',
395 silly addNameRange   range: '>=0.3.1-0 <0.4.0-0',
395 silly addNameRange   hasData: true }
396 silly addNameRange versions [ 'grunt-concat-css',
396 silly addNameRange   [ '0.1.0', '0.1.1', '0.2.0', '0.3.0', '0.3.1' ] ]
397 verbose addNamed [ 'grunt-concat-css', '0.3.1' ]
398 verbose addNamed [ '0.3.1', '0.3.1' ]
399 silly lockFile 4dea7d5c-grunt-concat-css-0-3-1 grunt-concat-css@0.3.1
400 verbose lock grunt-concat-css@0.3.1 /home/pcardoso/.npm/4dea7d5c-grunt-concat-css-0-3-1.lock
401 silly lockFile 11554d29-t-css-grunt-concat-css-0-3-1-tgz https://registry.npmjs.org/grunt-concat-css/-/grunt-concat-css-0.3.1.tgz
402 verbose lock https://registry.npmjs.org/grunt-concat-css/-/grunt-concat-css-0.3.1.tgz /home/pcardoso/.npm/11554d29-t-css-grunt-concat-css-0-3-1-tgz.lock
403 verbose addRemoteTarball [ 'https://registry.npmjs.org/grunt-concat-css/-/grunt-concat-css-0.3.1.tgz',
403 verbose addRemoteTarball   'b52c7511c696868cdae6ec4048df5bdd2896dd12' ]
404 info retry fetch attempt 1 at 16:56:39
405 verbose fetch to= /tmp/npm-11052-xsWZDu76/registry.npmjs.org/grunt-concat-css/-/grunt-concat-css-0.3.1.tgz
406 http GET https://registry.npmjs.org/grunt-concat-css/-/grunt-concat-css-0.3.1.tgz
407 http 304 https://registry.npmjs.org/grunt
408 silly registry.get cb [ 304,
408 silly registry.get   { date: 'Thu, 21 May 2015 19:56:38 GMT',
408 silly registry.get     via: '1.1 varnish',
408 silly registry.get     'cache-control': 'max-age=60',
408 silly registry.get     etag: '"9RP0MWX2KFZZUV80Q2GW24B4U"',
408 silly registry.get     age: '32',
408 silly registry.get     connection: 'keep-alive',
408 silly registry.get     'x-served-by': 'cache-atl6231-ATL',
408 silly registry.get     'x-cache': 'HIT',
408 silly registry.get     'x-cache-hits': '2',
408 silly registry.get     'x-timer': 'S1432238198.646709,VS0,VE0',
408 silly registry.get     vary: 'Accept' } ]
409 verbose etag https://registry.npmjs.org/grunt from cache
410 silly addNameRange number 2 { name: 'grunt', range: '>=0.4.5-0 <0.5.0-0', hasData: true }
411 silly addNameRange versions [ 'grunt',
411 silly addNameRange   [ '0.1.0',
411 silly addNameRange     '0.1.1',
411 silly addNameRange     '0.1.2',
411 silly addNameRange     '0.2.0',
411 silly addNameRange     '0.2.1',
411 silly addNameRange     '0.2.2',
411 silly addNameRange     '0.2.3',
411 silly addNameRange     '0.2.4',
411 silly addNameRange     '0.2.5',
411 silly addNameRange     '0.2.6',
411 silly addNameRange     '0.2.7',
411 silly addNameRange     '0.2.8',
411 silly addNameRange     '0.2.9',
411 silly addNameRange     '0.2.10',
411 silly addNameRange     '0.2.11',
411 silly addNameRange     '0.2.12',
411 silly addNameRange     '0.2.13',
411 silly addNameRange     '0.2.14',
411 silly addNameRange     '0.2.15',
411 silly addNameRange     '0.3.0',
411 silly addNameRange     '0.3.1',
411 silly addNameRange     '0.3.2',
411 silly addNameRange     '0.3.3',
411 silly addNameRange     '0.3.4',
411 silly addNameRange     '0.3.5',
411 silly addNameRange     '0.3.6',
411 silly addNameRange     '0.3.7',
411 silly addNameRange     '0.3.8',
411 silly addNameRange     '0.3.9',
411 silly addNameRange     '0.3.10',
411 silly addNameRange     '0.3.11',
411 silly addNameRange     '0.3.12',
411 silly addNameRange     '0.3.13',
411 silly addNameRange     '0.3.14',
411 silly addNameRange     '0.3.15',
411 silly addNameRange     '0.3.16',
411 silly addNameRange     '0.3.17',
411 silly addNameRange     '0.4.0',
411 silly addNameRange     '0.4.1',
411 silly addNameRange     '0.4.2',
411 silly addNameRange     '0.4.3',
411 silly addNameRange     '0.4.4',
411 silly addNameRange     '0.4.5',
411 silly addNameRange     '0.3.13-a',
411 silly addNameRange     '0.4.0-a',
411 silly addNameRange     '0.4.0-rc1',
411 silly addNameRange     '0.4.0-rc2',
411 silly addNameRange     '0.4.0-rc3',
411 silly addNameRange     '0.4.0-rc4',
411 silly addNameRange     '0.4.0-rc5',
411 silly addNameRange     '0.4.0-rc6',
411 silly addNameRange     '0.4.0-rc7',
411 silly addNameRange     '0.4.0-rc8' ] ]
412 verbose addNamed [ 'grunt', '0.4.5' ]
413 verbose addNamed [ '0.4.5', '0.4.5' ]
414 silly lockFile 81abf7ad-grunt-0-4-5 grunt@0.4.5
415 verbose lock grunt@0.4.5 /home/pcardoso/.npm/81abf7ad-grunt-0-4-5.lock
416 silly lockFile 81abf7ad-grunt-0-4-5 grunt@0.4.5
417 silly lockFile 81abf7ad-grunt-0-4-5 grunt@0.4.5
418 silly lockFile 240974bb-grunt-0-4-5 grunt@~0.4.5
419 silly lockFile 240974bb-grunt-0-4-5 grunt@~0.4.5
420 http 200 https://registry.npmjs.org/time-grunt
421 silly registry.get cb [ 200,
421 silly registry.get   { server: 'CouchDB/1.5.0 (Erlang OTP/R16B03)',
421 silly registry.get     etag: '"4S2NVW82QIDS9C54CGMLSVE9S"',
421 silly registry.get     'content-type': 'application/json',
421 silly registry.get     'cache-control': 'max-age=60',
421 silly registry.get     'content-length': '27970',
421 silly registry.get     'accept-ranges': 'bytes',
421 silly registry.get     date: 'Thu, 21 May 2015 19:56:38 GMT',
421 silly registry.get     via: '1.1 varnish',
421 silly registry.get     age: '0',
421 silly registry.get     connection: 'keep-alive',
421 silly registry.get     'x-served-by': 'cache-atl6230-ATL',
421 silly registry.get     'x-cache': 'HIT',
421 silly registry.get     'x-cache-hits': '1',
421 silly registry.get     'x-timer': 'S1432238198.513624,VS0,VE28',
421 silly registry.get     vary: 'Accept' } ]
422 silly addNameRange number 2 { name: 'time-grunt',
422 silly addNameRange   range: '>=1.0.0-0 <2.0.0-0',
422 silly addNameRange   hasData: true }
423 silly addNameRange versions [ 'time-grunt',
423 silly addNameRange   [ '0.1.0',
423 silly addNameRange     '0.1.1',
423 silly addNameRange     '0.1.2',
423 silly addNameRange     '0.2.0',
423 silly addNameRange     '0.2.1',
423 silly addNameRange     '0.2.2',
423 silly addNameRange     '0.2.3',
423 silly addNameRange     '0.2.4',
423 silly addNameRange     '0.2.5',
423 silly addNameRange     '0.2.6',
423 silly addNameRange     '0.2.7',
423 silly addNameRange     '0.2.8',
423 silly addNameRange     '0.2.9',
423 silly addNameRange     '0.2.10',
423 silly addNameRange     '0.3.1',
423 silly addNameRange     '0.3.2',
423 silly addNameRange     '0.4.0',
423 silly addNameRange     '1.0.0',
423 silly addNameRange     '1.1.0',
423 silly addNameRange     '1.1.1',
423 silly addNameRange     '1.2.0',
423 silly addNameRange     '1.2.1' ] ]
424 verbose addNamed [ 'time-grunt', '1.2.1' ]
425 verbose addNamed [ '1.2.1', '1.2.1' ]
426 silly lockFile d1b44110-time-grunt-1-2-1 time-grunt@1.2.1
427 verbose lock time-grunt@1.2.1 /home/pcardoso/.npm/d1b44110-time-grunt-1-2-1.lock
428 silly lockFile dd1c5ab4--time-grunt-time-grunt-1-2-1-tgz https://registry.npmjs.org/time-grunt/-/time-grunt-1.2.1.tgz
429 verbose lock https://registry.npmjs.org/time-grunt/-/time-grunt-1.2.1.tgz /home/pcardoso/.npm/dd1c5ab4--time-grunt-time-grunt-1-2-1-tgz.lock
430 verbose addRemoteTarball [ 'https://registry.npmjs.org/time-grunt/-/time-grunt-1.2.1.tgz',
430 verbose addRemoteTarball   '9871ca03a26462ede510c4def157fcbabb0092bb' ]
431 info retry fetch attempt 1 at 16:56:39
432 verbose fetch to= /tmp/npm-11052-xsWZDu76/registry.npmjs.org/time-grunt/-/time-grunt-1.2.1.tgz
433 http GET https://registry.npmjs.org/time-grunt/-/time-grunt-1.2.1.tgz
434 http 200 https://registry.npmjs.org/grunt-notify
435 silly registry.get cb [ 200,
435 silly registry.get   { server: 'CouchDB/1.5.0 (Erlang OTP/R16B03)',
435 silly registry.get     etag: '"8LYFD0YTRIY0JH0JOWAGGMPRV"',
435 silly registry.get     'content-type': 'application/json',
435 silly registry.get     'cache-control': 'max-age=60',
435 silly registry.get     'content-length': '51918',
435 silly registry.get     'accept-ranges': 'bytes',
435 silly registry.get     date: 'Thu, 21 May 2015 19:56:38 GMT',
435 silly registry.get     via: '1.1 varnish',
435 silly registry.get     age: '0',
435 silly registry.get     connection: 'keep-alive',
435 silly registry.get     'x-served-by': 'cache-atl6232-ATL',
435 silly registry.get     'x-cache': 'HIT',
435 silly registry.get     'x-cache-hits': '1',
435 silly registry.get     'x-timer': 'S1432238198.335718,VS0,VE286',
435 silly registry.get     vary: 'Accept' } ]
436 http 200 https://registry.npmjs.org/grunt-contrib-concat/-/grunt-contrib-concat-0.5.1.tgz
437 silly addNameRange number 2 { name: 'grunt-notify',
437 silly addNameRange   range: '>=0.4.1-0 <0.5.0-0',
437 silly addNameRange   hasData: true }
438 silly addNameRange versions [ 'grunt-notify',
438 silly addNameRange   [ '0.1.0',
438 silly addNameRange     '0.1.1',
438 silly addNameRange     '0.1.2',
438 silly addNameRange     '0.1.3',
438 silly addNameRange     '0.1.4',
438 silly addNameRange     '0.2.0',
438 silly addNameRange     '0.2.1',
438 silly addNameRange     '0.2.2',
438 silly addNameRange     '0.2.3',
438 silly addNameRange     '0.2.4',
438 silly addNameRange     '0.2.5',
438 silly addNameRange     '0.2.6',
438 silly addNameRange     '0.2.7',
438 silly addNameRange     '0.2.8',
438 silly addNameRange     '0.2.9',
438 silly addNameRange     '0.2.10',
438 silly addNameRange     '0.2.11',
438 silly addNameRange     '0.2.12',
438 silly addNameRange     '0.2.13',
438 silly addNameRange     '0.2.14',
438 silly addNameRange     '0.2.15',
438 silly addNameRange     '0.2.16',
438 silly addNameRange     '0.2.17',
438 silly addNameRange     '0.2.18',
438 silly addNameRange     '0.2.20',
438 silly addNameRange     '0.3.0',
438 silly addNameRange     '0.3.1',
438 silly addNameRange     '0.4.0',
438 silly addNameRange     '0.4.1' ] ]
439 verbose addNamed [ 'grunt-notify', '0.4.1' ]
440 verbose addNamed [ '0.4.1', '0.4.1' ]
441 silly lockFile 4018f340-grunt-notify-0-4-1 grunt-notify@0.4.1
442 verbose lock grunt-notify@0.4.1 /home/pcardoso/.npm/4018f340-grunt-notify-0-4-1.lock
443 silly lockFile a7bcefcc-nt-notify-grunt-notify-0-4-1-tgz https://registry.npmjs.org/grunt-notify/-/grunt-notify-0.4.1.tgz
444 verbose lock https://registry.npmjs.org/grunt-notify/-/grunt-notify-0.4.1.tgz /home/pcardoso/.npm/a7bcefcc-nt-notify-grunt-notify-0-4-1-tgz.lock
445 verbose addRemoteTarball [ 'https://registry.npmjs.org/grunt-notify/-/grunt-notify-0.4.1.tgz',
445 verbose addRemoteTarball   'c75360fb932e4322f2c92ed5bef74276655605db' ]
446 info retry fetch attempt 1 at 16:56:39
447 verbose fetch to= /tmp/npm-11052-xsWZDu76/registry.npmjs.org/grunt-notify/-/grunt-notify-0.4.1.tgz
448 http GET https://registry.npmjs.org/grunt-notify/-/grunt-notify-0.4.1.tgz
449 silly lockFile f6eb0009-t-grunt-contrib-concat-0-5-1-tgz https://registry.npmjs.org/grunt-contrib-concat/-/grunt-contrib-concat-0.5.1.tgz
450 silly lockFile f6eb0009-t-grunt-contrib-concat-0-5-1-tgz https://registry.npmjs.org/grunt-contrib-concat/-/grunt-contrib-concat-0.5.1.tgz
451 silly lockFile 63a362d5-grunt-contrib-concat-0-5-1 grunt-contrib-concat@0.5.1
452 silly lockFile 63a362d5-grunt-contrib-concat-0-5-1 grunt-contrib-concat@0.5.1
453 silly lockFile 47c410cb-grunt-contrib-concat-0-5-0 grunt-contrib-concat@^0.5.0
454 silly lockFile 47c410cb-grunt-contrib-concat-0-5-0 grunt-contrib-concat@^0.5.0
455 http 200 https://registry.npmjs.org/grunt-contrib-cssmin/-/grunt-contrib-cssmin-0.12.3.tgz
456 silly lockFile e825b648--grunt-contrib-cssmin-0-12-3-tgz https://registry.npmjs.org/grunt-contrib-cssmin/-/grunt-contrib-cssmin-0.12.3.tgz
457 silly lockFile e825b648--grunt-contrib-cssmin-0-12-3-tgz https://registry.npmjs.org/grunt-contrib-cssmin/-/grunt-contrib-cssmin-0.12.3.tgz
458 silly lockFile 0193e74d-grunt-contrib-cssmin-0-12-3 grunt-contrib-cssmin@0.12.3
459 silly lockFile 0193e74d-grunt-contrib-cssmin-0-12-3 grunt-contrib-cssmin@0.12.3
460 silly lockFile 149f993a-grunt-contrib-cssmin-0-12-0 grunt-contrib-cssmin@^0.12.0
461 silly lockFile 149f993a-grunt-contrib-cssmin-0-12-0 grunt-contrib-cssmin@^0.12.0
462 http 200 https://registry.npmjs.org/grunt-contrib-sass/-/grunt-contrib-sass-0.9.2.tgz
463 silly lockFile 103217e2-ass-grunt-contrib-sass-0-9-2-tgz https://registry.npmjs.org/grunt-contrib-sass/-/grunt-contrib-sass-0.9.2.tgz
464 silly lockFile 103217e2-ass-grunt-contrib-sass-0-9-2-tgz https://registry.npmjs.org/grunt-contrib-sass/-/grunt-contrib-sass-0.9.2.tgz
465 silly lockFile caee62b2-grunt-contrib-sass-0-9-2 grunt-contrib-sass@0.9.2
466 silly lockFile caee62b2-grunt-contrib-sass-0-9-2 grunt-contrib-sass@0.9.2
467 silly lockFile 031128be-grunt-contrib-sass-0-9-2 grunt-contrib-sass@^0.9.2
468 silly lockFile 031128be-grunt-contrib-sass-0-9-2 grunt-contrib-sass@^0.9.2
469 http 200 https://registry.npmjs.org/grunt-contrib-jshint/-/grunt-contrib-jshint-0.11.2.tgz
470 silly lockFile 04ba944b--grunt-contrib-jshint-0-11-2-tgz https://registry.npmjs.org/grunt-contrib-jshint/-/grunt-contrib-jshint-0.11.2.tgz
471 silly lockFile 04ba944b--grunt-contrib-jshint-0-11-2-tgz https://registry.npmjs.org/grunt-contrib-jshint/-/grunt-contrib-jshint-0.11.2.tgz
472 silly lockFile 53316110-grunt-contrib-jshint-0-11-2 grunt-contrib-jshint@0.11.2
473 silly lockFile 53316110-grunt-contrib-jshint-0-11-2 grunt-contrib-jshint@0.11.2
474 silly lockFile 5782cb4c-grunt-contrib-jshint-0-11-0 grunt-contrib-jshint@^0.11.0
475 silly lockFile 5782cb4c-grunt-contrib-jshint-0-11-0 grunt-contrib-jshint@^0.11.0
476 http 200 https://registry.npmjs.org/grunt-contrib-uglify/-/grunt-contrib-uglify-0.7.0.tgz
477 silly lockFile 263c708a-y-grunt-contrib-uglify-0-7-0-tgz https://registry.npmjs.org/grunt-contrib-uglify/-/grunt-contrib-uglify-0.7.0.tgz
478 silly lockFile 263c708a-y-grunt-contrib-uglify-0-7-0-tgz https://registry.npmjs.org/grunt-contrib-uglify/-/grunt-contrib-uglify-0.7.0.tgz
479 silly lockFile 0707808c-grunt-contrib-uglify-0-7-0 grunt-contrib-uglify@0.7.0
480 silly lockFile 0707808c-grunt-contrib-uglify-0-7-0 grunt-contrib-uglify@0.7.0
481 silly lockFile 305ef1bc-grunt-contrib-uglify-0-7-0 grunt-contrib-uglify@^0.7.0
482 silly lockFile 305ef1bc-grunt-contrib-uglify-0-7-0 grunt-contrib-uglify@^0.7.0
483 http 200 https://registry.npmjs.org/grunt-google-cdn/-/grunt-google-cdn-0.4.3.tgz
484 silly lockFile 89cbee9c-e-cdn-grunt-google-cdn-0-4-3-tgz https://registry.npmjs.org/grunt-google-cdn/-/grunt-google-cdn-0.4.3.tgz
485 silly lockFile 89cbee9c-e-cdn-grunt-google-cdn-0-4-3-tgz https://registry.npmjs.org/grunt-google-cdn/-/grunt-google-cdn-0.4.3.tgz
486 silly lockFile 0a49a55a-grunt-google-cdn-0-4-3 grunt-google-cdn@0.4.3
487 silly lockFile 0a49a55a-grunt-google-cdn-0-4-3 grunt-google-cdn@0.4.3
488 silly lockFile 99bf181c-grunt-google-cdn-0-4-3 grunt-google-cdn@^0.4.3
489 silly lockFile 99bf181c-grunt-google-cdn-0-4-3 grunt-google-cdn@^0.4.3
490 http 200 https://registry.npmjs.org/load-grunt-tasks/-/load-grunt-tasks-3.2.0.tgz
491 silly lockFile 1ab96274-tasks-load-grunt-tasks-3-2-0-tgz https://registry.npmjs.org/load-grunt-tasks/-/load-grunt-tasks-3.2.0.tgz
492 silly lockFile 1ab96274-tasks-load-grunt-tasks-3-2-0-tgz https://registry.npmjs.org/load-grunt-tasks/-/load-grunt-tasks-3.2.0.tgz
493 silly lockFile 495e6301-load-grunt-tasks-3-2-0 load-grunt-tasks@3.2.0
494 silly lockFile 495e6301-load-grunt-tasks-3-2-0 load-grunt-tasks@3.2.0
495 silly lockFile 244ddd56-load-grunt-tasks-3-1-0 load-grunt-tasks@^3.1.0
496 silly lockFile 244ddd56-load-grunt-tasks-3-1-0 load-grunt-tasks@^3.1.0
497 http 200 https://registry.npmjs.org/bower
498 silly registry.get cb [ 200,
498 silly registry.get   { server: 'CouchDB/1.5.0 (Erlang OTP/R16B03)',
498 silly registry.get     etag: '"5O4HUOKW503HIN1GUHXSZ5J7Q"',
498 silly registry.get     'content-type': 'application/json',
498 silly registry.get     'cache-control': 'max-age=60',
498 silly registry.get     'content-length': '112074',
498 silly registry.get     'accept-ranges': 'bytes',
498 silly registry.get     date: 'Thu, 21 May 2015 19:56:38 GMT',
498 silly registry.get     via: '1.1 varnish',
498 silly registry.get     age: '0',
498 silly registry.get     connection: 'keep-alive',
498 silly registry.get     'x-served-by': 'cache-atl6221-ATL',
498 silly registry.get     'x-cache': 'HIT',
498 silly registry.get     'x-cache-hits': '1',
498 silly registry.get     'x-timer': 'S1432238198.657925,VS0,VE79',
498 silly registry.get     vary: 'Accept' } ]
499 silly addNameRange number 2 { name: 'bower', range: '>=1.3.12-0 <1.4.0-0', hasData: true }
500 silly addNameRange versions [ 'bower',
500 silly addNameRange   [ '0.1.0',
500 silly addNameRange     '0.1.2',
500 silly addNameRange     '0.1.3',
500 silly addNameRange     '0.2.0',
500 silly addNameRange     '0.3.0',
500 silly addNameRange     '0.3.1',
500 silly addNameRange     '0.3.2',
500 silly addNameRange     '0.4.0',
500 silly addNameRange     '0.5.0',
500 silly addNameRange     '0.5.1',
500 silly addNameRange     '0.6.0',
500 silly addNameRange     '0.6.1',
500 silly addNameRange     '0.6.2',
500 silly addNameRange     '0.6.3',
500 silly addNameRange     '0.6.4',
500 silly addNameRange     '0.6.5',
500 silly addNameRange     '0.6.6',
500 silly addNameRange     '0.6.7',
500 silly addNameRange     '0.6.8',
500 silly addNameRange     '0.7.0',
500 silly addNameRange     '0.7.1',
500 silly addNameRange     '0.8.0',
500 silly addNameRange     '0.8.1',
500 silly addNameRange     '0.8.2',
500 silly addNameRange     '0.8.3',
500 silly addNameRange     '0.8.4',
500 silly addNameRange     '0.8.5',
500 silly addNameRange     '0.8.6',
500 silly addNameRange     '0.9.0',
500 silly addNameRange     '0.9.1',
500 silly addNameRange     '0.9.2',
500 silly addNameRange     '0.10.0',
500 silly addNameRange     '1.0.0',
500 silly addNameRange     '1.0.1',
500 silly addNameRange     '1.0.2',
500 silly addNameRange     '1.0.3',
500 silly addNameRange     '1.1.0',
500 silly addNameRange     '1.1.1',
500 silly addNameRange     '1.1.2',
500 silly addNameRange     '1.2.0',
500 silly addNameRange     '1.2.1',
500 silly addNameRange     '1.2.2',
500 silly addNameRange     '1.2.3',
500 silly addNameRange     '1.2.4',
500 silly addNameRange     '1.2.5',
500 silly addNameRange     '1.2.6',
500 silly addNameRange     '1.2.7',
500 silly addNameRange     '1.2.8',
500 silly addNameRange     '1.3.0',
500 silly addNameRange     '1.3.1',
500 silly addNameRange     '1.3.2',
500 silly addNameRange     '1.3.3',
500 silly addNameRange     '1.3.4',
500 silly addNameRange     '1.3.5',
500 silly addNameRange     '1.3.6',
500 silly addNameRange     '1.3.7',
500 silly addNameRange     '1.3.8',
500 silly addNameRange     '1.3.9',
500 silly addNameRange     '1.3.10',
500 silly addNameRange     '1.3.11',
500 silly addNameRange     '1.3.12',
500 silly addNameRange     '1.4.0',
500 silly addNameRange     '1.4.1' ] ]
501 verbose addNamed [ 'bower', '1.3.12' ]
502 verbose addNamed [ '1.3.12', '1.3.12' ]
503 silly lockFile 9819431c-bower-1-3-12 bower@1.3.12
504 verbose lock bower@1.3.12 /home/pcardoso/.npm/9819431c-bower-1-3-12.lock
505 http 200 https://registry.npmjs.org/grunt-concat-css/-/grunt-concat-css-0.3.1.tgz
506 silly lockFile b05fd70b-npmjs-org-bower-bower-1-3-12-tgz https://registry.npmjs.org/bower/-/bower-1.3.12.tgz
507 verbose lock https://registry.npmjs.org/bower/-/bower-1.3.12.tgz /home/pcardoso/.npm/b05fd70b-npmjs-org-bower-bower-1-3-12-tgz.lock
508 verbose addRemoteTarball [ 'https://registry.npmjs.org/bower/-/bower-1.3.12.tgz',
508 verbose addRemoteTarball   '37de0edb3904baf90aee13384a1a379a05ee214c' ]
509 info retry fetch attempt 1 at 16:56:39
510 verbose fetch to= /tmp/npm-11052-xsWZDu76/registry.npmjs.org/bower/-/bower-1.3.12.tgz
511 http GET https://registry.npmjs.org/bower/-/bower-1.3.12.tgz
512 http 200 https://registry.npmjs.org/time-grunt/-/time-grunt-1.2.1.tgz
513 http 200 https://registry.npmjs.org/grunt-contrib-watch/-/grunt-contrib-watch-0.6.1.tgz
514 silly lockFile 11554d29-t-css-grunt-concat-css-0-3-1-tgz https://registry.npmjs.org/grunt-concat-css/-/grunt-concat-css-0.3.1.tgz
515 silly lockFile 11554d29-t-css-grunt-concat-css-0-3-1-tgz https://registry.npmjs.org/grunt-concat-css/-/grunt-concat-css-0.3.1.tgz
516 silly lockFile 4dea7d5c-grunt-concat-css-0-3-1 grunt-concat-css@0.3.1
517 silly lockFile 4dea7d5c-grunt-concat-css-0-3-1 grunt-concat-css@0.3.1
518 silly lockFile 9b5df2a4-grunt-concat-css-0-3-1 grunt-concat-css@~0.3.1
519 silly lockFile 9b5df2a4-grunt-concat-css-0-3-1 grunt-concat-css@~0.3.1
520 silly lockFile dd1c5ab4--time-grunt-time-grunt-1-2-1-tgz https://registry.npmjs.org/time-grunt/-/time-grunt-1.2.1.tgz
521 silly lockFile dd1c5ab4--time-grunt-time-grunt-1-2-1-tgz https://registry.npmjs.org/time-grunt/-/time-grunt-1.2.1.tgz
522 silly lockFile 0fc29299-ch-grunt-contrib-watch-0-6-1-tgz https://registry.npmjs.org/grunt-contrib-watch/-/grunt-contrib-watch-0.6.1.tgz
523 silly lockFile 0fc29299-ch-grunt-contrib-watch-0-6-1-tgz https://registry.npmjs.org/grunt-contrib-watch/-/grunt-contrib-watch-0.6.1.tgz
524 silly lockFile d1b44110-time-grunt-1-2-1 time-grunt@1.2.1
525 silly lockFile d1b44110-time-grunt-1-2-1 time-grunt@1.2.1
526 silly lockFile 08049756-grunt-contrib-watch-0-6-1 grunt-contrib-watch@0.6.1
527 silly lockFile 08049756-grunt-contrib-watch-0-6-1 grunt-contrib-watch@0.6.1
528 silly lockFile 5ddae01b-time-grunt-1-0-0 time-grunt@^1.0.0
529 silly lockFile 5ddae01b-time-grunt-1-0-0 time-grunt@^1.0.0
530 silly lockFile 224b1ece-grunt-contrib-watch-0-6-1 grunt-contrib-watch@^0.6.1
531 silly lockFile 224b1ece-grunt-contrib-watch-0-6-1 grunt-contrib-watch@^0.6.1
532 http 200 https://registry.npmjs.org/grunt-notify/-/grunt-notify-0.4.1.tgz
533 http 200 https://registry.npmjs.org/jshint-stylish/-/jshint-stylish-1.0.2.tgz
534 silly lockFile 06cc557e-stylish-jshint-stylish-1-0-2-tgz https://registry.npmjs.org/jshint-stylish/-/jshint-stylish-1.0.2.tgz
535 silly lockFile 06cc557e-stylish-jshint-stylish-1-0-2-tgz https://registry.npmjs.org/jshint-stylish/-/jshint-stylish-1.0.2.tgz
536 silly lockFile 354bbbdb-jshint-stylish-1-0-2 jshint-stylish@1.0.2
537 silly lockFile 354bbbdb-jshint-stylish-1-0-2 jshint-stylish@1.0.2
538 silly lockFile 522e2e8d-jshint-stylish-1-0-0 jshint-stylish@^1.0.0
539 silly lockFile 522e2e8d-jshint-stylish-1-0-0 jshint-stylish@^1.0.0
540 http 200 https://registry.npmjs.org/bower/-/bower-1.3.12.tgz
541 silly lockFile a7bcefcc-nt-notify-grunt-notify-0-4-1-tgz https://registry.npmjs.org/grunt-notify/-/grunt-notify-0.4.1.tgz
542 silly lockFile a7bcefcc-nt-notify-grunt-notify-0-4-1-tgz https://registry.npmjs.org/grunt-notify/-/grunt-notify-0.4.1.tgz
543 silly lockFile 4018f340-grunt-notify-0-4-1 grunt-notify@0.4.1
544 silly lockFile 4018f340-grunt-notify-0-4-1 grunt-notify@0.4.1
545 silly lockFile 4c905b0b-grunt-notify-0-4-1 grunt-notify@^0.4.1
546 silly lockFile 4c905b0b-grunt-notify-0-4-1 grunt-notify@^0.4.1
547 silly lockFile b05fd70b-npmjs-org-bower-bower-1-3-12-tgz https://registry.npmjs.org/bower/-/bower-1.3.12.tgz
548 silly lockFile b05fd70b-npmjs-org-bower-bower-1-3-12-tgz https://registry.npmjs.org/bower/-/bower-1.3.12.tgz
549 silly lockFile 9819431c-bower-1-3-12 bower@1.3.12
550 silly lockFile 9819431c-bower-1-3-12 bower@1.3.12
551 silly lockFile b4be5702-bower-1-3-12 bower@~1.3.12
552 silly lockFile b4be5702-bower-1-3-12 bower@~1.3.12
553 error Error: EACCES, mkdir '/home/pcardoso/.npm/bower/1.3.12'
553 error  { [Error: EACCES, mkdir '/home/pcardoso/.npm/bower/1.3.12']
553 error   errno: 3,
553 error   code: 'EACCES',
553 error   path: '/home/pcardoso/.npm/bower/1.3.12',
553 error   parent: 'acsite' }
554 error Please try running this command again as root/Administrator.
555 error System Linux 3.13.0-53-generic
556 error command "/usr/bin/node" "/usr/bin/npm" "install"
557 error cwd /var/www/html/acnew/wp-content/themes/acsite
558 error node -v v0.10.37
559 error npm -v 1.4.28
560 error path /home/pcardoso/.npm/bower/1.3.12
561 error code EACCES
562 error errno 3
563 error stack Error: EACCES, mkdir '/home/pcardoso/.npm/bower/1.3.12'
564 verbose exit [ 3, true ]
